[2022-07-02 12:59:55,179] {taskinstance.py:1160} INFO - Dependencies all met for <TaskInstance: process_flowers_dag.create_unprocessed_flowers_json_file manual__2022-07-02T12:59:52.259867+00:00 [queued]>
[2022-07-02 12:59:55,200] {taskinstance.py:1160} INFO - Dependencies all met for <TaskInstance: process_flowers_dag.create_unprocessed_flowers_json_file manual__2022-07-02T12:59:52.259867+00:00 [queued]>
[2022-07-02 12:59:55,200] {taskinstance.py:1357} INFO - 
--------------------------------------------------------------------------------
[2022-07-02 12:59:55,200] {taskinstance.py:1358} INFO - Starting attempt 1 of 1
[2022-07-02 12:59:55,200] {taskinstance.py:1359} INFO - 
--------------------------------------------------------------------------------
[2022-07-02 12:59:55,228] {taskinstance.py:1378} INFO - Executing <Task(_PythonDecoratedOperator): create_unprocessed_flowers_json_file> on 2022-07-02 12:59:52.259867+00:00
[2022-07-02 12:59:55,233] {standard_task_runner.py:52} INFO - Started process 362 to run task
[2022-07-02 12:59:55,238] {standard_task_runner.py:79} INFO - Running: ['***', 'tasks', 'run', 'process_flowers_dag', 'create_unprocessed_flowers_json_file', 'manual__2022-07-02T12:59:52.259867+00:00', '--job-id', '87', '--raw', '--subdir', 'DAGS_FOLDER/process_iris_data.py', '--cfg-path', '/tmp/tmpn0sig78r', '--error-file', '/tmp/tmpvu53k17l']
[2022-07-02 12:59:55,239] {standard_task_runner.py:80} INFO - Job 87: Subtask create_unprocessed_flowers_json_file
[2022-07-02 12:59:55,315] {task_command.py:370} INFO - Running <TaskInstance: process_flowers_dag.create_unprocessed_flowers_json_file manual__2022-07-02T12:59:52.259867+00:00 [running]> on host a5e5aec483b5
[2022-07-02 12:59:55,454] {taskinstance.py:1572} INFO - Exporting the following env vars:
AIRFLOW_CTX_DAG_OWNER=***
AIRFLOW_CTX_DAG_ID=process_flowers_dag
AIRFLOW_CTX_TASK_ID=create_unprocessed_flowers_json_file
AIRFLOW_CTX_EXECUTION_DATE=2022-07-02T12:59:52.259867+00:00
AIRFLOW_CTX_TRY_NUMBER=1
AIRFLOW_CTX_DAG_RUN_ID=manual__2022-07-02T12:59:52.259867+00:00
[2022-07-02 12:59:55,478] {python.py:173} INFO - Done. Returned value was: None
[2022-07-02 12:59:55,499] {taskinstance.py:1401} INFO - Marking task as SUCCESS. dag_id=process_flowers_dag, task_id=create_unprocessed_flowers_json_file, execution_date=20220702T125952, start_date=20220702T125955, end_date=20220702T125955
[2022-07-02 12:59:55,533] {local_task_job.py:156} INFO - Task exited with return code 0
[2022-07-02 12:59:55,593] {local_task_job.py:273} INFO - 1 downstream tasks scheduled from follow-on schedule check
