[2022-07-01 12:34:42,520] {processor.py:153} INFO - Started process (PID=48) to work on /opt/airflow/dags/seed_postgres_db_dag.py
[2022-07-01 12:34:42,522] {processor.py:641} INFO - Processing file /opt/airflow/dags/seed_postgres_db_dag.py for tasks to queue
[2022-07-01 12:34:42,523] {logging_mixin.py:115} INFO - [2022-07-01 12:34:42,522] {dagbag.py:507} INFO - Filling up the DagBag from /opt/airflow/dags/seed_postgres_db_dag.py
[2022-07-01 12:34:42,560] {processor.py:651} INFO - DAG(s) dict_keys(['seed_postgres_db_dag']) retrieved from /opt/airflow/dags/seed_postgres_db_dag.py
[2022-07-01 12:34:42,598] {logging_mixin.py:115} INFO - [2022-07-01 12:34:42,597] {dag.py:2379} INFO - Sync 1 DAGs
[2022-07-01 12:34:42,642] {logging_mixin.py:115} INFO - [2022-07-01 12:34:42,642] {dag.py:2927} INFO - Setting next_dagrun for seed_postgres_db_dag to None, run_after=None
[2022-07-01 12:34:42,661] {processor.py:161} INFO - Processing /opt/airflow/dags/seed_postgres_db_dag.py took 0.145 seconds
[2022-07-01 12:35:13,261] {processor.py:153} INFO - Started process (PID=73) to work on /opt/airflow/dags/seed_postgres_db_dag.py
[2022-07-01 12:35:13,261] {processor.py:641} INFO - Processing file /opt/airflow/dags/seed_postgres_db_dag.py for tasks to queue
[2022-07-01 12:35:13,262] {logging_mixin.py:115} INFO - [2022-07-01 12:35:13,262] {dagbag.py:507} INFO - Filling up the DagBag from /opt/airflow/dags/seed_postgres_db_dag.py
[2022-07-01 12:35:13,282] {processor.py:651} INFO - DAG(s) dict_keys(['seed_postgres_db_dag']) retrieved from /opt/airflow/dags/seed_postgres_db_dag.py
[2022-07-01 12:35:13,306] {logging_mixin.py:115} INFO - [2022-07-01 12:35:13,305] {dag.py:2379} INFO - Sync 1 DAGs
[2022-07-01 12:35:13,329] {logging_mixin.py:115} INFO - [2022-07-01 12:35:13,329] {dag.py:2927} INFO - Setting next_dagrun for seed_postgres_db_dag to None, run_after=None
[2022-07-01 12:35:13,340] {processor.py:161} INFO - Processing /opt/airflow/dags/seed_postgres_db_dag.py took 0.082 seconds
[2022-07-01 12:35:43,833] {processor.py:153} INFO - Started process (PID=105) to work on /opt/airflow/dags/seed_postgres_db_dag.py
[2022-07-01 12:35:43,833] {processor.py:641} INFO - Processing file /opt/airflow/dags/seed_postgres_db_dag.py for tasks to queue
[2022-07-01 12:35:43,834] {logging_mixin.py:115} INFO - [2022-07-01 12:35:43,834] {dagbag.py:507} INFO - Filling up the DagBag from /opt/airflow/dags/seed_postgres_db_dag.py
[2022-07-01 12:35:43,854] {processor.py:651} INFO - DAG(s) dict_keys(['seed_postgres_db_dag']) retrieved from /opt/airflow/dags/seed_postgres_db_dag.py
[2022-07-01 12:35:43,878] {logging_mixin.py:115} INFO - [2022-07-01 12:35:43,878] {dag.py:2379} INFO - Sync 1 DAGs
[2022-07-01 12:35:43,902] {logging_mixin.py:115} INFO - [2022-07-01 12:35:43,902] {dag.py:2927} INFO - Setting next_dagrun for seed_postgres_db_dag to None, run_after=None
[2022-07-01 12:35:43,913] {processor.py:161} INFO - Processing /opt/airflow/dags/seed_postgres_db_dag.py took 0.083 seconds
[2022-07-01 12:36:14,789] {processor.py:153} INFO - Started process (PID=129) to work on /opt/airflow/dags/seed_postgres_db_dag.py
[2022-07-01 12:36:14,790] {processor.py:641} INFO - Processing file /opt/airflow/dags/seed_postgres_db_dag.py for tasks to queue
[2022-07-01 12:36:14,791] {logging_mixin.py:115} INFO - [2022-07-01 12:36:14,790] {dagbag.py:507} INFO - Filling up the DagBag from /opt/airflow/dags/seed_postgres_db_dag.py
[2022-07-01 12:36:14,818] {processor.py:651} INFO - DAG(s) dict_keys(['seed_postgres_db_dag']) retrieved from /opt/airflow/dags/seed_postgres_db_dag.py
[2022-07-01 12:36:14,853] {logging_mixin.py:115} INFO - [2022-07-01 12:36:14,853] {dag.py:2379} INFO - Sync 1 DAGs
[2022-07-01 12:36:14,894] {logging_mixin.py:115} INFO - [2022-07-01 12:36:14,894] {dag.py:2927} INFO - Setting next_dagrun for seed_postgres_db_dag to None, run_after=None
[2022-07-01 12:36:14,909] {processor.py:161} INFO - Processing /opt/airflow/dags/seed_postgres_db_dag.py took 0.123 seconds
[2022-07-01 12:36:45,974] {processor.py:153} INFO - Started process (PID=160) to work on /opt/airflow/dags/seed_postgres_db_dag.py
[2022-07-01 12:36:45,975] {processor.py:641} INFO - Processing file /opt/airflow/dags/seed_postgres_db_dag.py for tasks to queue
[2022-07-01 12:36:45,976] {logging_mixin.py:115} INFO - [2022-07-01 12:36:45,975] {dagbag.py:507} INFO - Filling up the DagBag from /opt/airflow/dags/seed_postgres_db_dag.py
[2022-07-01 12:36:46,009] {processor.py:651} INFO - DAG(s) dict_keys(['seed_postgres_db_dag']) retrieved from /opt/airflow/dags/seed_postgres_db_dag.py
[2022-07-01 12:36:46,038] {logging_mixin.py:115} INFO - [2022-07-01 12:36:46,038] {dag.py:2379} INFO - Sync 1 DAGs
[2022-07-01 12:36:46,068] {logging_mixin.py:115} INFO - [2022-07-01 12:36:46,068] {dag.py:2927} INFO - Setting next_dagrun for seed_postgres_db_dag to None, run_after=None
[2022-07-01 12:36:46,081] {processor.py:161} INFO - Processing /opt/airflow/dags/seed_postgres_db_dag.py took 0.112 seconds
[2022-07-01 12:37:17,261] {processor.py:153} INFO - Started process (PID=183) to work on /opt/airflow/dags/seed_postgres_db_dag.py
[2022-07-01 12:37:17,262] {processor.py:641} INFO - Processing file /opt/airflow/dags/seed_postgres_db_dag.py for tasks to queue
[2022-07-01 12:37:17,263] {logging_mixin.py:115} INFO - [2022-07-01 12:37:17,263] {dagbag.py:507} INFO - Filling up the DagBag from /opt/airflow/dags/seed_postgres_db_dag.py
[2022-07-01 12:37:17,288] {processor.py:651} INFO - DAG(s) dict_keys(['seed_postgres_db_dag']) retrieved from /opt/airflow/dags/seed_postgres_db_dag.py
[2022-07-01 12:37:17,314] {logging_mixin.py:115} INFO - [2022-07-01 12:37:17,314] {dag.py:2379} INFO - Sync 1 DAGs
[2022-07-01 12:37:17,340] {logging_mixin.py:115} INFO - [2022-07-01 12:37:17,340] {dag.py:2927} INFO - Setting next_dagrun for seed_postgres_db_dag to None, run_after=None
[2022-07-01 12:37:17,352] {processor.py:161} INFO - Processing /opt/airflow/dags/seed_postgres_db_dag.py took 0.095 seconds
