[2022-07-02 12:54:07,683] {taskinstance.py:1160} INFO - Dependencies all met for <TaskInstance: process_flowers_dag.create_unprocessed_flowers_json_file manual__2022-07-02T12:53:58.212474+00:00 [queued]>
[2022-07-02 12:54:07,706] {taskinstance.py:1160} INFO - Dependencies all met for <TaskInstance: process_flowers_dag.create_unprocessed_flowers_json_file manual__2022-07-02T12:53:58.212474+00:00 [queued]>
[2022-07-02 12:54:07,707] {taskinstance.py:1357} INFO - 
--------------------------------------------------------------------------------
[2022-07-02 12:54:07,707] {taskinstance.py:1358} INFO - Starting attempt 1 of 1
[2022-07-02 12:54:07,707] {taskinstance.py:1359} INFO - 
--------------------------------------------------------------------------------
[2022-07-02 12:54:07,742] {taskinstance.py:1378} INFO - Executing <Task(_PythonDecoratedOperator): create_unprocessed_flowers_json_file> on 2022-07-02 12:53:58.212474+00:00
[2022-07-02 12:54:07,752] {standard_task_runner.py:52} INFO - Started process 79 to run task
[2022-07-02 12:54:07,758] {standard_task_runner.py:79} INFO - Running: ['***', 'tasks', 'run', 'process_flowers_dag', 'create_unprocessed_flowers_json_file', 'manual__2022-07-02T12:53:58.212474+00:00', '--job-id', '77', '--raw', '--subdir', 'DAGS_FOLDER/process_iris_data.py', '--cfg-path', '/tmp/tmpsd47r3xp', '--error-file', '/tmp/tmpa5lgd2l_']
[2022-07-02 12:54:07,759] {standard_task_runner.py:80} INFO - Job 77: Subtask create_unprocessed_flowers_json_file
[2022-07-02 12:54:07,859] {task_command.py:370} INFO - Running <TaskInstance: process_flowers_dag.create_unprocessed_flowers_json_file manual__2022-07-02T12:53:58.212474+00:00 [running]> on host a5e5aec483b5
[2022-07-02 12:54:08,043] {taskinstance.py:1572} INFO - Exporting the following env vars:
AIRFLOW_CTX_DAG_OWNER=***
AIRFLOW_CTX_DAG_ID=process_flowers_dag
AIRFLOW_CTX_TASK_ID=create_unprocessed_flowers_json_file
AIRFLOW_CTX_EXECUTION_DATE=2022-07-02T12:53:58.212474+00:00
AIRFLOW_CTX_TRY_NUMBER=1
AIRFLOW_CTX_DAG_RUN_ID=manual__2022-07-02T12:53:58.212474+00:00
[2022-07-02 12:54:08,079] {python.py:173} INFO - Done. Returned value was:     Unnamed: 0 sepal_length sepal_width  ... petal_width    variety   id
0            1          5.1         3.5  ...         0.2     Setosa  NaN
1            2          4.9         3.0  ...         0.2     Setosa  NaN
2            3          4.7         3.2  ...         0.2     Setosa  NaN
3            4          4.6         3.1  ...         0.2     Setosa  NaN
4            5          5.0         3.6  ...         0.2     Setosa  NaN
..         ...          ...         ...  ...         ...        ...  ...
148        149          6.2         3.4  ...         2.3  Virginica  NaN
149        150          5.9         3.0  ...         1.8  Virginica  NaN
150        NaN          5.1         3.5  ...         0.2     Setosa  1.0
151        NaN          4.9           3  ...         0.2     Setosa  2.0
152        NaN          4.7         3.2  ...         0.2     Setosa  3.0

[153 rows x 7 columns]
[2022-07-02 12:54:08,142] {xcom.py:585} ERROR - Could not serialize the XCom value into JSON. If you are using pickle instead of JSON for XCom, then you need to enable pickle support for XCom in your *** config.
[2022-07-02 12:54:08,144] {taskinstance.py:1890} ERROR - Task failed with exception
Traceback (most recent call last):
  File "/home/airflow/.local/lib/python3.7/site-packages/airflow/utils/session.py", line 68, in wrapper
    return func(*args, **kwargs)
  File "/home/airflow/.local/lib/python3.7/site-packages/airflow/models/taskinstance.py", line 2395, in xcom_push
    session=session,
  File "/home/airflow/.local/lib/python3.7/site-packages/airflow/utils/session.py", line 68, in wrapper
    return func(*args, **kwargs)
  File "/home/airflow/.local/lib/python3.7/site-packages/airflow/models/xcom.py", line 197, in set
    map_index=map_index,
  File "/home/airflow/.local/lib/python3.7/site-packages/airflow/models/xcom.py", line 582, in serialize_value
    return json.dumps(value).encode('UTF-8')
  File "/usr/local/lib/python3.7/json/__init__.py", line 231, in dumps
    return _default_encoder.encode(obj)
  File "/usr/local/lib/python3.7/json/encoder.py", line 199, in encode
    chunks = self.iterencode(o, _one_shot=True)
  File "/usr/local/lib/python3.7/json/encoder.py", line 257, in iterencode
    return _iterencode(o, 0)
  File "/usr/local/lib/python3.7/json/encoder.py", line 179, in default
    raise TypeError(f'Object of type {o.__class__.__name__} '
TypeError: Object of type DataFrame is not JSON serializable
[2022-07-02 12:54:08,172] {taskinstance.py:1401} INFO - Marking task as FAILED. dag_id=process_flowers_dag, task_id=create_unprocessed_flowers_json_file, execution_date=20220702T125358, start_date=20220702T125407, end_date=20220702T125408
[2022-07-02 12:54:08,222] {standard_task_runner.py:97} ERROR - Failed to execute job 77 for task create_unprocessed_flowers_json_file (Object of type DataFrame is not JSON serializable; 79)
[2022-07-02 12:54:08,265] {local_task_job.py:156} INFO - Task exited with return code 1
[2022-07-02 12:54:08,364] {local_task_job.py:273} INFO - 0 downstream tasks scheduled from follow-on schedule check
