[2022-06-02 17:58:13,035] {processor.py:153} INFO - Started process (PID=47) to work on /opt/airflow/dags/seed_postgres_db_dag.py
[2022-06-02 17:58:13,035] {processor.py:641} INFO - Processing file /opt/airflow/dags/seed_postgres_db_dag.py for tasks to queue
[2022-06-02 17:58:13,036] {logging_mixin.py:115} INFO - [2022-06-02 17:58:13,036] {dagbag.py:507} INFO - Filling up the DagBag from /opt/airflow/dags/seed_postgres_db_dag.py
[2022-06-02 17:58:13,106] {processor.py:651} INFO - DAG(s) dict_keys(['seed_postgres_db_dag']) retrieved from /opt/airflow/dags/seed_postgres_db_dag.py
[2022-06-02 17:58:13,402] {logging_mixin.py:115} INFO - [2022-06-02 17:58:13,402] {manager.py:508} INFO - Created Permission View: can delete on DAG:seed_postgres_db_dag
[2022-06-02 17:58:13,413] {logging_mixin.py:115} INFO - [2022-06-02 17:58:13,413] {manager.py:508} INFO - Created Permission View: can edit on DAG:seed_postgres_db_dag
[2022-06-02 17:58:13,422] {logging_mixin.py:115} INFO - [2022-06-02 17:58:13,422] {manager.py:508} INFO - Created Permission View: can read on DAG:seed_postgres_db_dag
[2022-06-02 17:58:13,422] {logging_mixin.py:115} INFO - [2022-06-02 17:58:13,422] {dag.py:2379} INFO - Sync 1 DAGs
[2022-06-02 17:58:13,432] {logging_mixin.py:115} INFO - [2022-06-02 17:58:13,432] {dag.py:2398} INFO - Creating ORM DAG for seed_postgres_db_dag
[2022-06-02 17:58:13,446] {logging_mixin.py:115} INFO - [2022-06-02 17:58:13,446] {dag.py:2927} INFO - Setting next_dagrun for seed_postgres_db_dag to 2022-01-01T00:00:00+00:00, run_after=2022-01-01T00:00:00+00:00
[2022-06-02 17:58:13,461] {processor.py:161} INFO - Processing /opt/airflow/dags/seed_postgres_db_dag.py took 0.430 seconds
[2022-06-02 17:58:43,532] {processor.py:153} INFO - Started process (PID=67) to work on /opt/airflow/dags/seed_postgres_db_dag.py
[2022-06-02 17:58:43,533] {processor.py:641} INFO - Processing file /opt/airflow/dags/seed_postgres_db_dag.py for tasks to queue
[2022-06-02 17:58:43,533] {logging_mixin.py:115} INFO - [2022-06-02 17:58:43,533] {dagbag.py:507} INFO - Filling up the DagBag from /opt/airflow/dags/seed_postgres_db_dag.py
[2022-06-02 17:58:43,601] {processor.py:651} INFO - DAG(s) dict_keys(['seed_postgres_db_dag']) retrieved from /opt/airflow/dags/seed_postgres_db_dag.py
[2022-06-02 17:58:43,682] {logging_mixin.py:115} INFO - [2022-06-02 17:58:43,682] {dag.py:2379} INFO - Sync 1 DAGs
[2022-06-02 17:58:44,247] {logging_mixin.py:115} INFO - [2022-06-02 17:58:44,247] {dag.py:2927} INFO - Setting next_dagrun for seed_postgres_db_dag to 2022-01-01T00:00:00+00:00, run_after=2022-01-01T00:00:00+00:00
[2022-06-02 17:58:44,266] {processor.py:161} INFO - Processing /opt/airflow/dags/seed_postgres_db_dag.py took 0.738 seconds
[2022-06-02 17:59:14,333] {processor.py:153} INFO - Started process (PID=95) to work on /opt/airflow/dags/seed_postgres_db_dag.py
[2022-06-02 17:59:14,335] {processor.py:641} INFO - Processing file /opt/airflow/dags/seed_postgres_db_dag.py for tasks to queue
[2022-06-02 17:59:14,336] {logging_mixin.py:115} INFO - [2022-06-02 17:59:14,336] {dagbag.py:507} INFO - Filling up the DagBag from /opt/airflow/dags/seed_postgres_db_dag.py
[2022-06-02 17:59:14,373] {processor.py:651} INFO - DAG(s) dict_keys(['seed_postgres_db_dag']) retrieved from /opt/airflow/dags/seed_postgres_db_dag.py
[2022-06-02 17:59:14,408] {logging_mixin.py:115} INFO - [2022-06-02 17:59:14,408] {dag.py:2379} INFO - Sync 1 DAGs
[2022-06-02 17:59:14,663] {logging_mixin.py:115} INFO - [2022-06-02 17:59:14,663] {dag.py:2927} INFO - Setting next_dagrun for seed_postgres_db_dag to 2022-01-01T00:00:00+00:00, run_after=2022-01-01T00:00:00+00:00
[2022-06-02 17:59:14,684] {processor.py:161} INFO - Processing /opt/airflow/dags/seed_postgres_db_dag.py took 0.353 seconds
[2022-06-02 17:59:44,751] {processor.py:153} INFO - Started process (PID=115) to work on /opt/airflow/dags/seed_postgres_db_dag.py
[2022-06-02 17:59:44,752] {processor.py:641} INFO - Processing file /opt/airflow/dags/seed_postgres_db_dag.py for tasks to queue
[2022-06-02 17:59:44,752] {logging_mixin.py:115} INFO - [2022-06-02 17:59:44,752] {dagbag.py:507} INFO - Filling up the DagBag from /opt/airflow/dags/seed_postgres_db_dag.py
[2022-06-02 17:59:44,773] {processor.py:651} INFO - DAG(s) dict_keys(['seed_postgres_db_dag']) retrieved from /opt/airflow/dags/seed_postgres_db_dag.py
[2022-06-02 17:59:44,797] {logging_mixin.py:115} INFO - [2022-06-02 17:59:44,797] {dag.py:2379} INFO - Sync 1 DAGs
[2022-06-02 17:59:44,939] {logging_mixin.py:115} INFO - [2022-06-02 17:59:44,939] {dag.py:2927} INFO - Setting next_dagrun for seed_postgres_db_dag to 2022-01-01T00:00:00+00:00, run_after=2022-01-01T00:00:00+00:00
[2022-06-02 17:59:44,954] {processor.py:161} INFO - Processing /opt/airflow/dags/seed_postgres_db_dag.py took 0.206 seconds
[2022-06-02 18:00:15,021] {processor.py:153} INFO - Started process (PID=142) to work on /opt/airflow/dags/seed_postgres_db_dag.py
[2022-06-02 18:00:15,022] {processor.py:641} INFO - Processing file /opt/airflow/dags/seed_postgres_db_dag.py for tasks to queue
[2022-06-02 18:00:15,023] {logging_mixin.py:115} INFO - [2022-06-02 18:00:15,022] {dagbag.py:507} INFO - Filling up the DagBag from /opt/airflow/dags/seed_postgres_db_dag.py
[2022-06-02 18:00:15,047] {processor.py:651} INFO - DAG(s) dict_keys(['seed_postgres_db_dag']) retrieved from /opt/airflow/dags/seed_postgres_db_dag.py
[2022-06-02 18:00:15,085] {logging_mixin.py:115} INFO - [2022-06-02 18:00:15,085] {dag.py:2379} INFO - Sync 1 DAGs
[2022-06-02 18:00:15,262] {logging_mixin.py:115} INFO - [2022-06-02 18:00:15,262] {dag.py:2927} INFO - Setting next_dagrun for seed_postgres_db_dag to 2022-01-01T00:00:00+00:00, run_after=2022-01-01T00:00:00+00:00
[2022-06-02 18:00:15,279] {processor.py:161} INFO - Processing /opt/airflow/dags/seed_postgres_db_dag.py took 0.261 seconds
[2022-06-02 18:00:45,346] {processor.py:153} INFO - Started process (PID=170) to work on /opt/airflow/dags/seed_postgres_db_dag.py
[2022-06-02 18:00:45,346] {processor.py:641} INFO - Processing file /opt/airflow/dags/seed_postgres_db_dag.py for tasks to queue
[2022-06-02 18:00:45,347] {logging_mixin.py:115} INFO - [2022-06-02 18:00:45,347] {dagbag.py:507} INFO - Filling up the DagBag from /opt/airflow/dags/seed_postgres_db_dag.py
[2022-06-02 18:00:45,367] {processor.py:651} INFO - DAG(s) dict_keys(['seed_postgres_db_dag']) retrieved from /opt/airflow/dags/seed_postgres_db_dag.py
[2022-06-02 18:00:45,393] {logging_mixin.py:115} INFO - [2022-06-02 18:00:45,393] {dag.py:2379} INFO - Sync 1 DAGs
[2022-06-02 18:00:45,567] {logging_mixin.py:115} INFO - [2022-06-02 18:00:45,567] {dag.py:2927} INFO - Setting next_dagrun for seed_postgres_db_dag to 2022-01-01T00:00:00+00:00, run_after=2022-01-01T00:00:00+00:00
[2022-06-02 18:00:45,582] {processor.py:161} INFO - Processing /opt/airflow/dags/seed_postgres_db_dag.py took 0.240 seconds
[2022-06-02 18:01:15,650] {processor.py:153} INFO - Started process (PID=189) to work on /opt/airflow/dags/seed_postgres_db_dag.py
[2022-06-02 18:01:15,657] {processor.py:641} INFO - Processing file /opt/airflow/dags/seed_postgres_db_dag.py for tasks to queue
[2022-06-02 18:01:15,658] {logging_mixin.py:115} INFO - [2022-06-02 18:01:15,658] {dagbag.py:507} INFO - Filling up the DagBag from /opt/airflow/dags/seed_postgres_db_dag.py
[2022-06-02 18:01:15,689] {processor.py:651} INFO - DAG(s) dict_keys(['seed_postgres_db_dag']) retrieved from /opt/airflow/dags/seed_postgres_db_dag.py
[2022-06-02 18:01:15,714] {logging_mixin.py:115} INFO - [2022-06-02 18:01:15,714] {dag.py:2379} INFO - Sync 1 DAGs
[2022-06-02 18:01:15,856] {logging_mixin.py:115} INFO - [2022-06-02 18:01:15,856] {dag.py:2927} INFO - Setting next_dagrun for seed_postgres_db_dag to 2022-01-01T00:00:00+00:00, run_after=2022-01-01T00:00:00+00:00
[2022-06-02 18:01:15,876] {processor.py:161} INFO - Processing /opt/airflow/dags/seed_postgres_db_dag.py took 0.232 seconds
[2022-06-02 18:01:45,955] {processor.py:153} INFO - Started process (PID=217) to work on /opt/airflow/dags/seed_postgres_db_dag.py
[2022-06-02 18:01:45,955] {processor.py:641} INFO - Processing file /opt/airflow/dags/seed_postgres_db_dag.py for tasks to queue
[2022-06-02 18:01:45,956] {logging_mixin.py:115} INFO - [2022-06-02 18:01:45,956] {dagbag.py:507} INFO - Filling up the DagBag from /opt/airflow/dags/seed_postgres_db_dag.py
[2022-06-02 18:01:45,978] {processor.py:651} INFO - DAG(s) dict_keys(['seed_postgres_db_dag']) retrieved from /opt/airflow/dags/seed_postgres_db_dag.py
[2022-06-02 18:01:46,007] {logging_mixin.py:115} INFO - [2022-06-02 18:01:46,006] {dag.py:2379} INFO - Sync 1 DAGs
[2022-06-02 18:01:46,164] {logging_mixin.py:115} INFO - [2022-06-02 18:01:46,164] {dag.py:2927} INFO - Setting next_dagrun for seed_postgres_db_dag to 2022-01-01T00:00:00+00:00, run_after=2022-01-01T00:00:00+00:00
[2022-06-02 18:01:46,183] {processor.py:161} INFO - Processing /opt/airflow/dags/seed_postgres_db_dag.py took 0.232 seconds
[2022-06-02 18:02:16,263] {processor.py:153} INFO - Started process (PID=236) to work on /opt/airflow/dags/seed_postgres_db_dag.py
[2022-06-02 18:02:16,270] {processor.py:641} INFO - Processing file /opt/airflow/dags/seed_postgres_db_dag.py for tasks to queue
[2022-06-02 18:02:16,270] {logging_mixin.py:115} INFO - [2022-06-02 18:02:16,270] {dagbag.py:507} INFO - Filling up the DagBag from /opt/airflow/dags/seed_postgres_db_dag.py
[2022-06-02 18:02:16,294] {processor.py:651} INFO - DAG(s) dict_keys(['seed_postgres_db_dag']) retrieved from /opt/airflow/dags/seed_postgres_db_dag.py
[2022-06-02 18:02:16,322] {logging_mixin.py:115} INFO - [2022-06-02 18:02:16,322] {dag.py:2379} INFO - Sync 1 DAGs
[2022-06-02 18:02:16,484] {logging_mixin.py:115} INFO - [2022-06-02 18:02:16,484] {dag.py:2927} INFO - Setting next_dagrun for seed_postgres_db_dag to 2022-01-01T00:00:00+00:00, run_after=2022-01-01T00:00:00+00:00
[2022-06-02 18:02:16,505] {processor.py:161} INFO - Processing /opt/airflow/dags/seed_postgres_db_dag.py took 0.247 seconds
[2022-06-02 18:02:46,580] {processor.py:153} INFO - Started process (PID=264) to work on /opt/airflow/dags/seed_postgres_db_dag.py
[2022-06-02 18:02:46,587] {processor.py:641} INFO - Processing file /opt/airflow/dags/seed_postgres_db_dag.py for tasks to queue
[2022-06-02 18:02:46,587] {logging_mixin.py:115} INFO - [2022-06-02 18:02:46,587] {dagbag.py:507} INFO - Filling up the DagBag from /opt/airflow/dags/seed_postgres_db_dag.py
[2022-06-02 18:02:46,612] {processor.py:651} INFO - DAG(s) dict_keys(['seed_postgres_db_dag']) retrieved from /opt/airflow/dags/seed_postgres_db_dag.py
[2022-06-02 18:02:46,639] {logging_mixin.py:115} INFO - [2022-06-02 18:02:46,639] {dag.py:2379} INFO - Sync 1 DAGs
[2022-06-02 18:02:46,789] {logging_mixin.py:115} INFO - [2022-06-02 18:02:46,789] {dag.py:2927} INFO - Setting next_dagrun for seed_postgres_db_dag to 2022-01-01T00:00:00+00:00, run_after=2022-01-01T00:00:00+00:00
[2022-06-02 18:02:46,802] {processor.py:161} INFO - Processing /opt/airflow/dags/seed_postgres_db_dag.py took 0.226 seconds
[2022-06-02 18:03:16,892] {processor.py:153} INFO - Started process (PID=283) to work on /opt/airflow/dags/seed_postgres_db_dag.py
[2022-06-02 18:03:16,893] {processor.py:641} INFO - Processing file /opt/airflow/dags/seed_postgres_db_dag.py for tasks to queue
[2022-06-02 18:03:16,894] {logging_mixin.py:115} INFO - [2022-06-02 18:03:16,894] {dagbag.py:507} INFO - Filling up the DagBag from /opt/airflow/dags/seed_postgres_db_dag.py
[2022-06-02 18:03:16,930] {processor.py:651} INFO - DAG(s) dict_keys(['seed_postgres_db_dag']) retrieved from /opt/airflow/dags/seed_postgres_db_dag.py
[2022-06-02 18:03:16,962] {logging_mixin.py:115} INFO - [2022-06-02 18:03:16,962] {dag.py:2379} INFO - Sync 1 DAGs
[2022-06-02 18:03:17,137] {logging_mixin.py:115} INFO - [2022-06-02 18:03:17,137] {dag.py:2927} INFO - Setting next_dagrun for seed_postgres_db_dag to 2022-01-01T00:00:00+00:00, run_after=2022-01-01T00:00:00+00:00
[2022-06-02 18:03:17,152] {processor.py:161} INFO - Processing /opt/airflow/dags/seed_postgres_db_dag.py took 0.265 seconds
[2022-06-02 18:03:47,220] {processor.py:153} INFO - Started process (PID=311) to work on /opt/airflow/dags/seed_postgres_db_dag.py
[2022-06-02 18:03:47,221] {processor.py:641} INFO - Processing file /opt/airflow/dags/seed_postgres_db_dag.py for tasks to queue
[2022-06-02 18:03:47,221] {logging_mixin.py:115} INFO - [2022-06-02 18:03:47,221] {dagbag.py:507} INFO - Filling up the DagBag from /opt/airflow/dags/seed_postgres_db_dag.py
[2022-06-02 18:03:47,240] {processor.py:651} INFO - DAG(s) dict_keys(['seed_postgres_db_dag']) retrieved from /opt/airflow/dags/seed_postgres_db_dag.py
[2022-06-02 18:03:47,266] {logging_mixin.py:115} INFO - [2022-06-02 18:03:47,266] {dag.py:2379} INFO - Sync 1 DAGs
[2022-06-02 18:03:47,415] {logging_mixin.py:115} INFO - [2022-06-02 18:03:47,415] {dag.py:2927} INFO - Setting next_dagrun for seed_postgres_db_dag to 2022-01-01T00:00:00+00:00, run_after=2022-01-01T00:00:00+00:00
[2022-06-02 18:03:47,428] {processor.py:161} INFO - Processing /opt/airflow/dags/seed_postgres_db_dag.py took 0.211 seconds
[2022-06-02 18:04:17,500] {processor.py:153} INFO - Started process (PID=337) to work on /opt/airflow/dags/seed_postgres_db_dag.py
[2022-06-02 18:04:17,500] {processor.py:641} INFO - Processing file /opt/airflow/dags/seed_postgres_db_dag.py for tasks to queue
[2022-06-02 18:04:17,501] {logging_mixin.py:115} INFO - [2022-06-02 18:04:17,501] {dagbag.py:507} INFO - Filling up the DagBag from /opt/airflow/dags/seed_postgres_db_dag.py
[2022-06-02 18:04:17,519] {processor.py:651} INFO - DAG(s) dict_keys(['seed_postgres_db_dag']) retrieved from /opt/airflow/dags/seed_postgres_db_dag.py
[2022-06-02 18:04:17,545] {logging_mixin.py:115} INFO - [2022-06-02 18:04:17,545] {dag.py:2379} INFO - Sync 1 DAGs
[2022-06-02 18:04:17,690] {logging_mixin.py:115} INFO - [2022-06-02 18:04:17,690] {dag.py:2927} INFO - Setting next_dagrun for seed_postgres_db_dag to 2022-01-01T00:00:00+00:00, run_after=2022-01-01T00:00:00+00:00
[2022-06-02 18:04:17,709] {processor.py:161} INFO - Processing /opt/airflow/dags/seed_postgres_db_dag.py took 0.212 seconds
[2022-06-02 18:04:47,789] {processor.py:153} INFO - Started process (PID=358) to work on /opt/airflow/dags/seed_postgres_db_dag.py
[2022-06-02 18:04:47,796] {processor.py:641} INFO - Processing file /opt/airflow/dags/seed_postgres_db_dag.py for tasks to queue
[2022-06-02 18:04:47,797] {logging_mixin.py:115} INFO - [2022-06-02 18:04:47,797] {dagbag.py:507} INFO - Filling up the DagBag from /opt/airflow/dags/seed_postgres_db_dag.py
[2022-06-02 18:04:47,827] {processor.py:651} INFO - DAG(s) dict_keys(['seed_postgres_db_dag']) retrieved from /opt/airflow/dags/seed_postgres_db_dag.py
[2022-06-02 18:04:47,856] {logging_mixin.py:115} INFO - [2022-06-02 18:04:47,856] {dag.py:2379} INFO - Sync 1 DAGs
[2022-06-02 18:04:48,013] {logging_mixin.py:115} INFO - [2022-06-02 18:04:48,013] {dag.py:2927} INFO - Setting next_dagrun for seed_postgres_db_dag to 2022-01-01T00:00:00+00:00, run_after=2022-01-01T00:00:00+00:00
[2022-06-02 18:04:48,033] {processor.py:161} INFO - Processing /opt/airflow/dags/seed_postgres_db_dag.py took 0.250 seconds
[2022-06-02 18:05:18,111] {processor.py:153} INFO - Started process (PID=386) to work on /opt/airflow/dags/seed_postgres_db_dag.py
[2022-06-02 18:05:18,118] {processor.py:641} INFO - Processing file /opt/airflow/dags/seed_postgres_db_dag.py for tasks to queue
[2022-06-02 18:05:18,119] {logging_mixin.py:115} INFO - [2022-06-02 18:05:18,119] {dagbag.py:507} INFO - Filling up the DagBag from /opt/airflow/dags/seed_postgres_db_dag.py
[2022-06-02 18:05:18,145] {processor.py:651} INFO - DAG(s) dict_keys(['seed_postgres_db_dag']) retrieved from /opt/airflow/dags/seed_postgres_db_dag.py
[2022-06-02 18:05:18,177] {logging_mixin.py:115} INFO - [2022-06-02 18:05:18,176] {dag.py:2379} INFO - Sync 1 DAGs
[2022-06-02 18:05:18,351] {logging_mixin.py:115} INFO - [2022-06-02 18:05:18,350] {dag.py:2927} INFO - Setting next_dagrun for seed_postgres_db_dag to 2022-01-01T00:00:00+00:00, run_after=2022-01-01T00:00:00+00:00
[2022-06-02 18:05:18,363] {processor.py:161} INFO - Processing /opt/airflow/dags/seed_postgres_db_dag.py took 0.256 seconds
[2022-06-02 18:05:48,436] {processor.py:153} INFO - Started process (PID=405) to work on /opt/airflow/dags/seed_postgres_db_dag.py
[2022-06-02 18:05:48,443] {processor.py:641} INFO - Processing file /opt/airflow/dags/seed_postgres_db_dag.py for tasks to queue
[2022-06-02 18:05:48,444] {logging_mixin.py:115} INFO - [2022-06-02 18:05:48,444] {dagbag.py:507} INFO - Filling up the DagBag from /opt/airflow/dags/seed_postgres_db_dag.py
[2022-06-02 18:05:48,474] {processor.py:651} INFO - DAG(s) dict_keys(['seed_postgres_db_dag']) retrieved from /opt/airflow/dags/seed_postgres_db_dag.py
[2022-06-02 18:05:48,505] {logging_mixin.py:115} INFO - [2022-06-02 18:05:48,505] {dag.py:2379} INFO - Sync 1 DAGs
[2022-06-02 18:05:48,675] {logging_mixin.py:115} INFO - [2022-06-02 18:05:48,675] {dag.py:2927} INFO - Setting next_dagrun for seed_postgres_db_dag to 2022-01-01T00:00:00+00:00, run_after=2022-01-01T00:00:00+00:00
[2022-06-02 18:05:48,695] {processor.py:161} INFO - Processing /opt/airflow/dags/seed_postgres_db_dag.py took 0.263 seconds
[2022-06-02 18:06:18,773] {processor.py:153} INFO - Started process (PID=433) to work on /opt/airflow/dags/seed_postgres_db_dag.py
[2022-06-02 18:06:18,774] {processor.py:641} INFO - Processing file /opt/airflow/dags/seed_postgres_db_dag.py for tasks to queue
[2022-06-02 18:06:18,775] {logging_mixin.py:115} INFO - [2022-06-02 18:06:18,774] {dagbag.py:507} INFO - Filling up the DagBag from /opt/airflow/dags/seed_postgres_db_dag.py
[2022-06-02 18:06:18,801] {processor.py:651} INFO - DAG(s) dict_keys(['seed_postgres_db_dag']) retrieved from /opt/airflow/dags/seed_postgres_db_dag.py
[2022-06-02 18:06:18,832] {logging_mixin.py:115} INFO - [2022-06-02 18:06:18,832] {dag.py:2379} INFO - Sync 1 DAGs
[2022-06-02 18:06:19,033] {logging_mixin.py:115} INFO - [2022-06-02 18:06:19,033] {dag.py:2927} INFO - Setting next_dagrun for seed_postgres_db_dag to 2022-01-01T00:00:00+00:00, run_after=2022-01-01T00:00:00+00:00
[2022-06-02 18:06:19,048] {processor.py:161} INFO - Processing /opt/airflow/dags/seed_postgres_db_dag.py took 0.278 seconds
[2022-06-02 18:06:49,131] {processor.py:153} INFO - Started process (PID=452) to work on /opt/airflow/dags/seed_postgres_db_dag.py
[2022-06-02 18:06:49,138] {processor.py:641} INFO - Processing file /opt/airflow/dags/seed_postgres_db_dag.py for tasks to queue
[2022-06-02 18:06:49,138] {logging_mixin.py:115} INFO - [2022-06-02 18:06:49,138] {dagbag.py:507} INFO - Filling up the DagBag from /opt/airflow/dags/seed_postgres_db_dag.py
[2022-06-02 18:06:49,166] {processor.py:651} INFO - DAG(s) dict_keys(['seed_postgres_db_dag']) retrieved from /opt/airflow/dags/seed_postgres_db_dag.py
[2022-06-02 18:06:49,194] {logging_mixin.py:115} INFO - [2022-06-02 18:06:49,194] {dag.py:2379} INFO - Sync 1 DAGs
[2022-06-02 18:06:49,343] {logging_mixin.py:115} INFO - [2022-06-02 18:06:49,343] {dag.py:2927} INFO - Setting next_dagrun for seed_postgres_db_dag to 2022-01-01T00:00:00+00:00, run_after=2022-01-01T00:00:00+00:00
[2022-06-02 18:06:49,361] {processor.py:161} INFO - Processing /opt/airflow/dags/seed_postgres_db_dag.py took 0.234 seconds
[2022-06-02 18:08:25,990] {processor.py:153} INFO - Started process (PID=47) to work on /opt/airflow/dags/seed_postgres_db_dag.py
[2022-06-02 18:08:25,993] {processor.py:641} INFO - Processing file /opt/airflow/dags/seed_postgres_db_dag.py for tasks to queue
[2022-06-02 18:08:25,993] {logging_mixin.py:115} INFO - [2022-06-02 18:08:25,993] {dagbag.py:507} INFO - Filling up the DagBag from /opt/airflow/dags/seed_postgres_db_dag.py
[2022-06-02 18:08:26,079] {processor.py:651} INFO - DAG(s) dict_keys(['seed_postgres_db_dag']) retrieved from /opt/airflow/dags/seed_postgres_db_dag.py
[2022-06-02 18:08:26,134] {logging_mixin.py:115} INFO - [2022-06-02 18:08:26,134] {dag.py:2379} INFO - Sync 1 DAGs
[2022-06-02 18:08:26,319] {logging_mixin.py:115} INFO - [2022-06-02 18:08:26,319] {dag.py:2927} INFO - Setting next_dagrun for seed_postgres_db_dag to 2022-01-01T00:00:00+00:00, run_after=2022-01-01T00:00:00+00:00
[2022-06-02 18:08:26,341] {processor.py:161} INFO - Processing /opt/airflow/dags/seed_postgres_db_dag.py took 0.355 seconds
[2022-06-02 18:08:56,440] {processor.py:153} INFO - Started process (PID=67) to work on /opt/airflow/dags/seed_postgres_db_dag.py
[2022-06-02 18:08:56,448] {processor.py:641} INFO - Processing file /opt/airflow/dags/seed_postgres_db_dag.py for tasks to queue
[2022-06-02 18:08:56,449] {logging_mixin.py:115} INFO - [2022-06-02 18:08:56,449] {dagbag.py:507} INFO - Filling up the DagBag from /opt/airflow/dags/seed_postgres_db_dag.py
[2022-06-02 18:08:56,485] {processor.py:651} INFO - DAG(s) dict_keys(['seed_postgres_db_dag']) retrieved from /opt/airflow/dags/seed_postgres_db_dag.py
[2022-06-02 18:08:56,513] {logging_mixin.py:115} INFO - [2022-06-02 18:08:56,513] {dag.py:2379} INFO - Sync 1 DAGs
[2022-06-02 18:08:56,661] {logging_mixin.py:115} INFO - [2022-06-02 18:08:56,660] {dag.py:2927} INFO - Setting next_dagrun for seed_postgres_db_dag to 2022-01-01T00:00:00+00:00, run_after=2022-01-01T00:00:00+00:00
[2022-06-02 18:08:56,681] {processor.py:161} INFO - Processing /opt/airflow/dags/seed_postgres_db_dag.py took 0.251 seconds
[2022-06-02 18:09:26,762] {processor.py:153} INFO - Started process (PID=95) to work on /opt/airflow/dags/seed_postgres_db_dag.py
[2022-06-02 18:09:26,769] {processor.py:641} INFO - Processing file /opt/airflow/dags/seed_postgres_db_dag.py for tasks to queue
[2022-06-02 18:09:26,769] {logging_mixin.py:115} INFO - [2022-06-02 18:09:26,769] {dagbag.py:507} INFO - Filling up the DagBag from /opt/airflow/dags/seed_postgres_db_dag.py
[2022-06-02 18:09:26,795] {processor.py:651} INFO - DAG(s) dict_keys(['seed_postgres_db_dag']) retrieved from /opt/airflow/dags/seed_postgres_db_dag.py
[2022-06-02 18:09:26,823] {logging_mixin.py:115} INFO - [2022-06-02 18:09:26,823] {dag.py:2379} INFO - Sync 1 DAGs
[2022-06-02 18:09:26,963] {logging_mixin.py:115} INFO - [2022-06-02 18:09:26,963] {dag.py:2927} INFO - Setting next_dagrun for seed_postgres_db_dag to 2022-01-01T00:00:00+00:00, run_after=2022-01-01T00:00:00+00:00
[2022-06-02 18:09:26,976] {processor.py:161} INFO - Processing /opt/airflow/dags/seed_postgres_db_dag.py took 0.217 seconds
[2022-06-02 18:09:57,055] {processor.py:153} INFO - Started process (PID=123) to work on /opt/airflow/dags/seed_postgres_db_dag.py
[2022-06-02 18:09:57,056] {processor.py:641} INFO - Processing file /opt/airflow/dags/seed_postgres_db_dag.py for tasks to queue
[2022-06-02 18:09:57,056] {logging_mixin.py:115} INFO - [2022-06-02 18:09:57,056] {dagbag.py:507} INFO - Filling up the DagBag from /opt/airflow/dags/seed_postgres_db_dag.py
[2022-06-02 18:09:57,085] {processor.py:651} INFO - DAG(s) dict_keys(['seed_postgres_db_dag']) retrieved from /opt/airflow/dags/seed_postgres_db_dag.py
[2022-06-02 18:09:57,114] {logging_mixin.py:115} INFO - [2022-06-02 18:09:57,113] {dag.py:2379} INFO - Sync 1 DAGs
[2022-06-02 18:09:57,269] {logging_mixin.py:115} INFO - [2022-06-02 18:09:57,268] {dag.py:2927} INFO - Setting next_dagrun for seed_postgres_db_dag to 2022-01-01T00:00:00+00:00, run_after=2022-01-01T00:00:00+00:00
[2022-06-02 18:09:57,282] {processor.py:161} INFO - Processing /opt/airflow/dags/seed_postgres_db_dag.py took 0.231 seconds
[2022-06-02 18:10:27,369] {processor.py:153} INFO - Started process (PID=142) to work on /opt/airflow/dags/seed_postgres_db_dag.py
[2022-06-02 18:10:27,377] {processor.py:641} INFO - Processing file /opt/airflow/dags/seed_postgres_db_dag.py for tasks to queue
[2022-06-02 18:10:27,378] {logging_mixin.py:115} INFO - [2022-06-02 18:10:27,378] {dagbag.py:507} INFO - Filling up the DagBag from /opt/airflow/dags/seed_postgres_db_dag.py
[2022-06-02 18:10:27,415] {processor.py:651} INFO - DAG(s) dict_keys(['seed_postgres_db_dag']) retrieved from /opt/airflow/dags/seed_postgres_db_dag.py
[2022-06-02 18:10:27,444] {logging_mixin.py:115} INFO - [2022-06-02 18:10:27,444] {dag.py:2379} INFO - Sync 1 DAGs
[2022-06-02 18:10:27,588] {logging_mixin.py:115} INFO - [2022-06-02 18:10:27,588] {dag.py:2927} INFO - Setting next_dagrun for seed_postgres_db_dag to 2022-01-01T00:00:00+00:00, run_after=2022-01-01T00:00:00+00:00
[2022-06-02 18:10:27,601] {processor.py:161} INFO - Processing /opt/airflow/dags/seed_postgres_db_dag.py took 0.240 seconds
[2022-06-02 18:10:57,676] {processor.py:153} INFO - Started process (PID=170) to work on /opt/airflow/dags/seed_postgres_db_dag.py
[2022-06-02 18:10:57,683] {processor.py:641} INFO - Processing file /opt/airflow/dags/seed_postgres_db_dag.py for tasks to queue
[2022-06-02 18:10:57,684] {logging_mixin.py:115} INFO - [2022-06-02 18:10:57,684] {dagbag.py:507} INFO - Filling up the DagBag from /opt/airflow/dags/seed_postgres_db_dag.py
[2022-06-02 18:10:57,720] {processor.py:651} INFO - DAG(s) dict_keys(['seed_postgres_db_dag']) retrieved from /opt/airflow/dags/seed_postgres_db_dag.py
[2022-06-02 18:10:57,747] {logging_mixin.py:115} INFO - [2022-06-02 18:10:57,747] {dag.py:2379} INFO - Sync 1 DAGs
[2022-06-02 18:10:57,889] {logging_mixin.py:115} INFO - [2022-06-02 18:10:57,889] {dag.py:2927} INFO - Setting next_dagrun for seed_postgres_db_dag to 2022-01-01T00:00:00+00:00, run_after=2022-01-01T00:00:00+00:00
[2022-06-02 18:10:57,902] {processor.py:161} INFO - Processing /opt/airflow/dags/seed_postgres_db_dag.py took 0.230 seconds
[2022-06-02 18:11:27,992] {processor.py:153} INFO - Started process (PID=189) to work on /opt/airflow/dags/seed_postgres_db_dag.py
[2022-06-02 18:11:27,994] {processor.py:641} INFO - Processing file /opt/airflow/dags/seed_postgres_db_dag.py for tasks to queue
[2022-06-02 18:11:27,995] {logging_mixin.py:115} INFO - [2022-06-02 18:11:27,995] {dagbag.py:507} INFO - Filling up the DagBag from /opt/airflow/dags/seed_postgres_db_dag.py
[2022-06-02 18:11:28,024] {processor.py:651} INFO - DAG(s) dict_keys(['seed_postgres_db_dag']) retrieved from /opt/airflow/dags/seed_postgres_db_dag.py
[2022-06-02 18:11:28,053] {logging_mixin.py:115} INFO - [2022-06-02 18:11:28,053] {dag.py:2379} INFO - Sync 1 DAGs
[2022-06-02 18:11:28,189] {logging_mixin.py:115} INFO - [2022-06-02 18:11:28,189] {dag.py:2927} INFO - Setting next_dagrun for seed_postgres_db_dag to 2022-01-01T00:00:00+00:00, run_after=2022-01-01T00:00:00+00:00
[2022-06-02 18:11:28,201] {processor.py:161} INFO - Processing /opt/airflow/dags/seed_postgres_db_dag.py took 0.218 seconds
[2022-06-02 18:11:58,292] {processor.py:153} INFO - Started process (PID=217) to work on /opt/airflow/dags/seed_postgres_db_dag.py
[2022-06-02 18:11:58,294] {processor.py:641} INFO - Processing file /opt/airflow/dags/seed_postgres_db_dag.py for tasks to queue
[2022-06-02 18:11:58,295] {logging_mixin.py:115} INFO - [2022-06-02 18:11:58,295] {dagbag.py:507} INFO - Filling up the DagBag from /opt/airflow/dags/seed_postgres_db_dag.py
[2022-06-02 18:11:58,321] {processor.py:651} INFO - DAG(s) dict_keys(['seed_postgres_db_dag']) retrieved from /opt/airflow/dags/seed_postgres_db_dag.py
[2022-06-02 18:11:58,355] {logging_mixin.py:115} INFO - [2022-06-02 18:11:58,355] {dag.py:2379} INFO - Sync 1 DAGs
[2022-06-02 18:11:58,506] {logging_mixin.py:115} INFO - [2022-06-02 18:11:58,505] {dag.py:2927} INFO - Setting next_dagrun for seed_postgres_db_dag to 2022-01-01T00:00:00+00:00, run_after=2022-01-01T00:00:00+00:00
[2022-06-02 18:11:58,525] {processor.py:161} INFO - Processing /opt/airflow/dags/seed_postgres_db_dag.py took 0.244 seconds
[2022-06-02 18:12:28,614] {processor.py:153} INFO - Started process (PID=236) to work on /opt/airflow/dags/seed_postgres_db_dag.py
[2022-06-02 18:12:28,621] {processor.py:641} INFO - Processing file /opt/airflow/dags/seed_postgres_db_dag.py for tasks to queue
[2022-06-02 18:12:28,621] {logging_mixin.py:115} INFO - [2022-06-02 18:12:28,621] {dagbag.py:507} INFO - Filling up the DagBag from /opt/airflow/dags/seed_postgres_db_dag.py
[2022-06-02 18:12:28,642] {processor.py:651} INFO - DAG(s) dict_keys(['seed_postgres_db_dag']) retrieved from /opt/airflow/dags/seed_postgres_db_dag.py
[2022-06-02 18:12:28,673] {logging_mixin.py:115} INFO - [2022-06-02 18:12:28,673] {dag.py:2379} INFO - Sync 1 DAGs
[2022-06-02 18:12:28,828] {logging_mixin.py:115} INFO - [2022-06-02 18:12:28,828] {dag.py:2927} INFO - Setting next_dagrun for seed_postgres_db_dag to 2022-01-01T00:00:00+00:00, run_after=2022-01-01T00:00:00+00:00
[2022-06-02 18:12:28,849] {processor.py:161} INFO - Processing /opt/airflow/dags/seed_postgres_db_dag.py took 0.241 seconds
[2022-06-02 18:12:58,953] {processor.py:153} INFO - Started process (PID=265) to work on /opt/airflow/dags/seed_postgres_db_dag.py
[2022-06-02 18:12:58,954] {processor.py:641} INFO - Processing file /opt/airflow/dags/seed_postgres_db_dag.py for tasks to queue
[2022-06-02 18:12:58,956] {logging_mixin.py:115} INFO - [2022-06-02 18:12:58,955] {dagbag.py:507} INFO - Filling up the DagBag from /opt/airflow/dags/seed_postgres_db_dag.py
[2022-06-02 18:12:58,990] {processor.py:651} INFO - DAG(s) dict_keys(['seed_postgres_db_dag']) retrieved from /opt/airflow/dags/seed_postgres_db_dag.py
[2022-06-02 18:12:59,020] {logging_mixin.py:115} INFO - [2022-06-02 18:12:59,020] {dag.py:2379} INFO - Sync 1 DAGs
[2022-06-02 18:12:59,170] {logging_mixin.py:115} INFO - [2022-06-02 18:12:59,169] {dag.py:2927} INFO - Setting next_dagrun for seed_postgres_db_dag to 2022-01-01T00:00:00+00:00, run_after=2022-01-01T00:00:00+00:00
[2022-06-02 18:12:59,188] {processor.py:161} INFO - Processing /opt/airflow/dags/seed_postgres_db_dag.py took 0.245 seconds
[2022-06-02 18:13:29,261] {processor.py:153} INFO - Started process (PID=292) to work on /opt/airflow/dags/seed_postgres_db_dag.py
[2022-06-02 18:13:29,267] {processor.py:641} INFO - Processing file /opt/airflow/dags/seed_postgres_db_dag.py for tasks to queue
[2022-06-02 18:13:29,268] {logging_mixin.py:115} INFO - [2022-06-02 18:13:29,268] {dagbag.py:507} INFO - Filling up the DagBag from /opt/airflow/dags/seed_postgres_db_dag.py
[2022-06-02 18:13:29,287] {processor.py:651} INFO - DAG(s) dict_keys(['seed_postgres_db_dag']) retrieved from /opt/airflow/dags/seed_postgres_db_dag.py
[2022-06-02 18:13:29,312] {logging_mixin.py:115} INFO - [2022-06-02 18:13:29,312] {dag.py:2379} INFO - Sync 1 DAGs
[2022-06-02 18:13:29,459] {logging_mixin.py:115} INFO - [2022-06-02 18:13:29,459] {dag.py:2927} INFO - Setting next_dagrun for seed_postgres_db_dag to 2022-01-01T00:00:00+00:00, run_after=2022-01-01T00:00:00+00:00
[2022-06-02 18:13:29,472] {processor.py:161} INFO - Processing /opt/airflow/dags/seed_postgres_db_dag.py took 0.214 seconds
[2022-06-02 18:13:59,571] {processor.py:153} INFO - Started process (PID=313) to work on /opt/airflow/dags/seed_postgres_db_dag.py
[2022-06-02 18:13:59,572] {processor.py:641} INFO - Processing file /opt/airflow/dags/seed_postgres_db_dag.py for tasks to queue
[2022-06-02 18:13:59,574] {logging_mixin.py:115} INFO - [2022-06-02 18:13:59,574] {dagbag.py:507} INFO - Filling up the DagBag from /opt/airflow/dags/seed_postgres_db_dag.py
[2022-06-02 18:13:59,607] {processor.py:651} INFO - DAG(s) dict_keys(['seed_postgres_db_dag']) retrieved from /opt/airflow/dags/seed_postgres_db_dag.py
[2022-06-02 18:13:59,639] {logging_mixin.py:115} INFO - [2022-06-02 18:13:59,639] {dag.py:2379} INFO - Sync 1 DAGs
[2022-06-02 18:13:59,795] {logging_mixin.py:115} INFO - [2022-06-02 18:13:59,795] {dag.py:2927} INFO - Setting next_dagrun for seed_postgres_db_dag to 2022-01-01T00:00:00+00:00, run_after=2022-01-01T00:00:00+00:00
[2022-06-02 18:13:59,807] {processor.py:161} INFO - Processing /opt/airflow/dags/seed_postgres_db_dag.py took 0.248 seconds
[2022-06-02 18:14:29,879] {processor.py:153} INFO - Started process (PID=342) to work on /opt/airflow/dags/seed_postgres_db_dag.py
[2022-06-02 18:14:29,880] {processor.py:641} INFO - Processing file /opt/airflow/dags/seed_postgres_db_dag.py for tasks to queue
[2022-06-02 18:14:29,880] {logging_mixin.py:115} INFO - [2022-06-02 18:14:29,880] {dagbag.py:507} INFO - Filling up the DagBag from /opt/airflow/dags/seed_postgres_db_dag.py
[2022-06-02 18:14:29,903] {processor.py:651} INFO - DAG(s) dict_keys(['seed_postgres_db_dag']) retrieved from /opt/airflow/dags/seed_postgres_db_dag.py
[2022-06-02 18:14:29,940] {logging_mixin.py:115} INFO - [2022-06-02 18:14:29,939] {dag.py:2379} INFO - Sync 1 DAGs
[2022-06-02 18:14:30,108] {logging_mixin.py:115} INFO - [2022-06-02 18:14:30,108] {dag.py:2927} INFO - Setting next_dagrun for seed_postgres_db_dag to 2022-01-01T00:00:00+00:00, run_after=2022-01-01T00:00:00+00:00
[2022-06-02 18:14:30,121] {processor.py:161} INFO - Processing /opt/airflow/dags/seed_postgres_db_dag.py took 0.245 seconds
[2022-06-02 18:15:00,212] {processor.py:153} INFO - Started process (PID=361) to work on /opt/airflow/dags/seed_postgres_db_dag.py
[2022-06-02 18:15:00,213] {processor.py:641} INFO - Processing file /opt/airflow/dags/seed_postgres_db_dag.py for tasks to queue
[2022-06-02 18:15:00,214] {logging_mixin.py:115} INFO - [2022-06-02 18:15:00,214] {dagbag.py:507} INFO - Filling up the DagBag from /opt/airflow/dags/seed_postgres_db_dag.py
[2022-06-02 18:15:00,238] {processor.py:651} INFO - DAG(s) dict_keys(['seed_postgres_db_dag']) retrieved from /opt/airflow/dags/seed_postgres_db_dag.py
[2022-06-02 18:15:00,270] {logging_mixin.py:115} INFO - [2022-06-02 18:15:00,269] {dag.py:2379} INFO - Sync 1 DAGs
[2022-06-02 18:15:00,425] {logging_mixin.py:115} INFO - [2022-06-02 18:15:00,425] {dag.py:2927} INFO - Setting next_dagrun for seed_postgres_db_dag to None, run_after=None
[2022-06-02 18:15:00,445] {processor.py:161} INFO - Processing /opt/airflow/dags/seed_postgres_db_dag.py took 0.246 seconds
[2022-06-02 18:15:30,536] {processor.py:153} INFO - Started process (PID=389) to work on /opt/airflow/dags/seed_postgres_db_dag.py
[2022-06-02 18:15:30,543] {processor.py:641} INFO - Processing file /opt/airflow/dags/seed_postgres_db_dag.py for tasks to queue
[2022-06-02 18:15:30,544] {logging_mixin.py:115} INFO - [2022-06-02 18:15:30,544] {dagbag.py:507} INFO - Filling up the DagBag from /opt/airflow/dags/seed_postgres_db_dag.py
[2022-06-02 18:15:30,570] {processor.py:651} INFO - DAG(s) dict_keys(['seed_postgres_db_dag']) retrieved from /opt/airflow/dags/seed_postgres_db_dag.py
[2022-06-02 18:15:30,603] {logging_mixin.py:115} INFO - [2022-06-02 18:15:30,603] {dag.py:2379} INFO - Sync 1 DAGs
[2022-06-02 18:15:30,763] {logging_mixin.py:115} INFO - [2022-06-02 18:15:30,763] {dag.py:2927} INFO - Setting next_dagrun for seed_postgres_db_dag to None, run_after=None
[2022-06-02 18:15:30,777] {processor.py:161} INFO - Processing /opt/airflow/dags/seed_postgres_db_dag.py took 0.248 seconds
[2022-06-02 18:16:00,857] {processor.py:153} INFO - Started process (PID=408) to work on /opt/airflow/dags/seed_postgres_db_dag.py
[2022-06-02 18:16:00,858] {processor.py:641} INFO - Processing file /opt/airflow/dags/seed_postgres_db_dag.py for tasks to queue
[2022-06-02 18:16:00,860] {logging_mixin.py:115} INFO - [2022-06-02 18:16:00,859] {dagbag.py:507} INFO - Filling up the DagBag from /opt/airflow/dags/seed_postgres_db_dag.py
[2022-06-02 18:16:00,923] {processor.py:651} INFO - DAG(s) dict_keys(['seed_postgres_db_dag']) retrieved from /opt/airflow/dags/seed_postgres_db_dag.py
[2022-06-02 18:16:00,978] {logging_mixin.py:115} INFO - [2022-06-02 18:16:00,978] {dag.py:2379} INFO - Sync 1 DAGs
[2022-06-02 18:16:01,218] {logging_mixin.py:115} INFO - [2022-06-02 18:16:01,218] {dag.py:2927} INFO - Setting next_dagrun for seed_postgres_db_dag to None, run_after=None
[2022-06-02 18:16:01,230] {processor.py:161} INFO - Processing /opt/airflow/dags/seed_postgres_db_dag.py took 0.376 seconds
[2022-06-02 18:16:31,318] {processor.py:153} INFO - Started process (PID=435) to work on /opt/airflow/dags/seed_postgres_db_dag.py
[2022-06-02 18:16:31,319] {processor.py:641} INFO - Processing file /opt/airflow/dags/seed_postgres_db_dag.py for tasks to queue
[2022-06-02 18:16:31,320] {logging_mixin.py:115} INFO - [2022-06-02 18:16:31,319] {dagbag.py:507} INFO - Filling up the DagBag from /opt/airflow/dags/seed_postgres_db_dag.py
[2022-06-02 18:16:31,358] {processor.py:651} INFO - DAG(s) dict_keys(['seed_postgres_db_dag']) retrieved from /opt/airflow/dags/seed_postgres_db_dag.py
[2022-06-02 18:16:31,411] {logging_mixin.py:115} INFO - [2022-06-02 18:16:31,411] {dag.py:2379} INFO - Sync 1 DAGs
[2022-06-02 18:16:31,616] {logging_mixin.py:115} INFO - [2022-06-02 18:16:31,616] {dag.py:2927} INFO - Setting next_dagrun for seed_postgres_db_dag to None, run_after=None
[2022-06-02 18:16:31,630] {processor.py:161} INFO - Processing /opt/airflow/dags/seed_postgres_db_dag.py took 0.317 seconds
[2022-06-02 18:17:01,728] {processor.py:153} INFO - Started process (PID=454) to work on /opt/airflow/dags/seed_postgres_db_dag.py
[2022-06-02 18:17:01,731] {processor.py:641} INFO - Processing file /opt/airflow/dags/seed_postgres_db_dag.py for tasks to queue
[2022-06-02 18:17:01,733] {logging_mixin.py:115} INFO - [2022-06-02 18:17:01,732] {dagbag.py:507} INFO - Filling up the DagBag from /opt/airflow/dags/seed_postgres_db_dag.py
[2022-06-02 18:17:01,778] {processor.py:651} INFO - DAG(s) dict_keys(['seed_postgres_db_dag']) retrieved from /opt/airflow/dags/seed_postgres_db_dag.py
[2022-06-02 18:17:01,816] {logging_mixin.py:115} INFO - [2022-06-02 18:17:01,816] {dag.py:2379} INFO - Sync 1 DAGs
[2022-06-02 18:17:02,078] {logging_mixin.py:115} INFO - [2022-06-02 18:17:02,078] {dag.py:2927} INFO - Setting next_dagrun for seed_postgres_db_dag to None, run_after=None
[2022-06-02 18:17:02,091] {processor.py:161} INFO - Processing /opt/airflow/dags/seed_postgres_db_dag.py took 0.373 seconds
[2022-06-02 18:17:32,171] {processor.py:153} INFO - Started process (PID=482) to work on /opt/airflow/dags/seed_postgres_db_dag.py
[2022-06-02 18:17:32,178] {processor.py:641} INFO - Processing file /opt/airflow/dags/seed_postgres_db_dag.py for tasks to queue
[2022-06-02 18:17:32,178] {logging_mixin.py:115} INFO - [2022-06-02 18:17:32,178] {dagbag.py:507} INFO - Filling up the DagBag from /opt/airflow/dags/seed_postgres_db_dag.py
[2022-06-02 18:17:32,208] {processor.py:651} INFO - DAG(s) dict_keys(['seed_postgres_db_dag']) retrieved from /opt/airflow/dags/seed_postgres_db_dag.py
[2022-06-02 18:17:32,238] {logging_mixin.py:115} INFO - [2022-06-02 18:17:32,238] {dag.py:2379} INFO - Sync 1 DAGs
[2022-06-02 18:17:32,413] {logging_mixin.py:115} INFO - [2022-06-02 18:17:32,413] {dag.py:2927} INFO - Setting next_dagrun for seed_postgres_db_dag to None, run_after=None
[2022-06-02 18:17:32,434] {processor.py:161} INFO - Processing /opt/airflow/dags/seed_postgres_db_dag.py took 0.268 seconds
[2022-06-02 18:18:02,529] {processor.py:153} INFO - Started process (PID=502) to work on /opt/airflow/dags/seed_postgres_db_dag.py
[2022-06-02 18:18:02,537] {processor.py:641} INFO - Processing file /opt/airflow/dags/seed_postgres_db_dag.py for tasks to queue
[2022-06-02 18:18:02,539] {logging_mixin.py:115} INFO - [2022-06-02 18:18:02,538] {dagbag.py:507} INFO - Filling up the DagBag from /opt/airflow/dags/seed_postgres_db_dag.py
[2022-06-02 18:18:02,577] {processor.py:651} INFO - DAG(s) dict_keys(['seed_postgres_db_dag']) retrieved from /opt/airflow/dags/seed_postgres_db_dag.py
[2022-06-02 18:18:02,618] {logging_mixin.py:115} INFO - [2022-06-02 18:18:02,618] {dag.py:2379} INFO - Sync 1 DAGs
[2022-06-02 18:18:02,766] {logging_mixin.py:115} INFO - [2022-06-02 18:18:02,766] {dag.py:2927} INFO - Setting next_dagrun for seed_postgres_db_dag to None, run_after=None
[2022-06-02 18:18:02,778] {processor.py:161} INFO - Processing /opt/airflow/dags/seed_postgres_db_dag.py took 0.259 seconds
[2022-06-02 18:18:32,860] {processor.py:153} INFO - Started process (PID=530) to work on /opt/airflow/dags/seed_postgres_db_dag.py
[2022-06-02 18:18:32,860] {processor.py:641} INFO - Processing file /opt/airflow/dags/seed_postgres_db_dag.py for tasks to queue
[2022-06-02 18:18:32,861] {logging_mixin.py:115} INFO - [2022-06-02 18:18:32,861] {dagbag.py:507} INFO - Filling up the DagBag from /opt/airflow/dags/seed_postgres_db_dag.py
[2022-06-02 18:18:32,884] {processor.py:651} INFO - DAG(s) dict_keys(['seed_postgres_db_dag']) retrieved from /opt/airflow/dags/seed_postgres_db_dag.py
[2022-06-02 18:18:32,917] {logging_mixin.py:115} INFO - [2022-06-02 18:18:32,917] {dag.py:2379} INFO - Sync 1 DAGs
[2022-06-02 18:18:33,106] {logging_mixin.py:115} INFO - [2022-06-02 18:18:33,106] {dag.py:2927} INFO - Setting next_dagrun for seed_postgres_db_dag to None, run_after=None
[2022-06-02 18:18:33,129] {processor.py:161} INFO - Processing /opt/airflow/dags/seed_postgres_db_dag.py took 0.274 seconds
[2022-06-02 18:19:03,204] {processor.py:153} INFO - Started process (PID=549) to work on /opt/airflow/dags/seed_postgres_db_dag.py
[2022-06-02 18:19:03,210] {processor.py:641} INFO - Processing file /opt/airflow/dags/seed_postgres_db_dag.py for tasks to queue
[2022-06-02 18:19:03,211] {logging_mixin.py:115} INFO - [2022-06-02 18:19:03,211] {dagbag.py:507} INFO - Filling up the DagBag from /opt/airflow/dags/seed_postgres_db_dag.py
[2022-06-02 18:19:03,235] {processor.py:651} INFO - DAG(s) dict_keys(['seed_postgres_db_dag']) retrieved from /opt/airflow/dags/seed_postgres_db_dag.py
[2022-06-02 18:19:03,265] {logging_mixin.py:115} INFO - [2022-06-02 18:19:03,265] {dag.py:2379} INFO - Sync 1 DAGs
[2022-06-02 18:19:03,436] {logging_mixin.py:115} INFO - [2022-06-02 18:19:03,435] {dag.py:2927} INFO - Setting next_dagrun for seed_postgres_db_dag to None, run_after=None
[2022-06-02 18:19:03,450] {processor.py:161} INFO - Processing /opt/airflow/dags/seed_postgres_db_dag.py took 0.248 seconds
[2022-06-02 18:19:33,515] {processor.py:153} INFO - Started process (PID=577) to work on /opt/airflow/dags/seed_postgres_db_dag.py
[2022-06-02 18:19:33,516] {processor.py:641} INFO - Processing file /opt/airflow/dags/seed_postgres_db_dag.py for tasks to queue
[2022-06-02 18:19:33,516] {logging_mixin.py:115} INFO - [2022-06-02 18:19:33,516] {dagbag.py:507} INFO - Filling up the DagBag from /opt/airflow/dags/seed_postgres_db_dag.py
[2022-06-02 18:19:33,568] {processor.py:651} INFO - DAG(s) dict_keys(['seed_postgres_db_dag']) retrieved from /opt/airflow/dags/seed_postgres_db_dag.py
[2022-06-02 18:19:33,619] {logging_mixin.py:115} INFO - [2022-06-02 18:19:33,619] {dag.py:2379} INFO - Sync 1 DAGs
[2022-06-02 18:19:33,972] {logging_mixin.py:115} INFO - [2022-06-02 18:19:33,971] {dag.py:2927} INFO - Setting next_dagrun for seed_postgres_db_dag to None, run_after=None
[2022-06-02 18:19:33,986] {processor.py:161} INFO - Processing /opt/airflow/dags/seed_postgres_db_dag.py took 0.474 seconds
[2022-06-02 18:20:04,091] {processor.py:153} INFO - Started process (PID=596) to work on /opt/airflow/dags/seed_postgres_db_dag.py
[2022-06-02 18:20:04,092] {processor.py:641} INFO - Processing file /opt/airflow/dags/seed_postgres_db_dag.py for tasks to queue
[2022-06-02 18:20:04,093] {logging_mixin.py:115} INFO - [2022-06-02 18:20:04,093] {dagbag.py:507} INFO - Filling up the DagBag from /opt/airflow/dags/seed_postgres_db_dag.py
[2022-06-02 18:20:04,121] {processor.py:651} INFO - DAG(s) dict_keys(['seed_postgres_db_dag']) retrieved from /opt/airflow/dags/seed_postgres_db_dag.py
[2022-06-02 18:20:04,153] {logging_mixin.py:115} INFO - [2022-06-02 18:20:04,153] {dag.py:2379} INFO - Sync 1 DAGs
[2022-06-02 18:20:04,356] {logging_mixin.py:115} INFO - [2022-06-02 18:20:04,356] {dag.py:2927} INFO - Setting next_dagrun for seed_postgres_db_dag to None, run_after=None
[2022-06-02 18:20:04,377] {processor.py:161} INFO - Processing /opt/airflow/dags/seed_postgres_db_dag.py took 0.297 seconds
